#
# A fatal error has been detected by the Java Runtime Environment:
#
#  EXCEPTION_ACCESS_VIOLATION (0xc0000005) at pc=0x000000000953d5e8, pid=1400, tid=2336
#
# JRE version: 7.0_01-b08
# Java VM: Java HotSpot(TM) 64-Bit Server VM (21.1-b02 mixed mode windows-amd64 compressed oops)
# Problematic frame:
# C  [ig4icd64.dll+0x64d5e8]
#
# Failed to write core dump. Minidumps are not enabled by default on client versions of Windows
#
# If you would like to submit a bug report, please visit:
#   http://bugreport.sun.com/bugreport/crash.jsp
# The crash happened outside the Java Virtual Machine in native code.
# See problematic frame for where to report the bug.
#

---------------  T H R E A D  ---------------

Current thread (0x00000000100be000):  JavaThread "ticker" [_thread_in_native, id=2336, stack(0x000000000f820000,0x000000000f920000)]

siginfo: ExceptionCode=0xc0000005, reading address 0x0000000000000080

Registers:
RAX=0x0000000000000000, RBX=0x000000000000000f, RCX=0x00000000111126c0, RDX=0x00000000110e9df0
RSP=0x000000000f91d860, RBP=0x0000000000000001, RSI=0x000000000f91d8f8, RDI=0x0000000000000001
R8 =0x000000000000000f, R9 =0x0000030b01c9001e, R10=0x000000000f91c490, R11=0x000000000f91d7a0
R12=0x000000000b8ae5d0, R13=0x0000000000000000, R14=0x000000000f91e1d0, R15=0x0000000000000001
RIP=0x000000000953d5e8, EFLAGS=0x0000000000010287

Top of Stack: (sp=0x000000000f91d860)
0x000000000f91d860:   000000000000000e 00000000115da510
0x000000000f91d870:   000000000f91d8f8 0000000009542415
0x000000000f91d880:   000000000b8adb50 00000000115da350
0x000000000f91d890:   0000000000000000 00000000112ac3c0
0x000000000f91d8a0:   0000000000000000 000000000b8ae5d0
0x000000000f91d8b0:   000000000b8ae5d0 000000000f91e1d0
0x000000000f91d8c0:   0000000000000010 0000000009543a43
0x000000000f91d8d0:   000000000b89e0e0 0000000000000004
0x000000000f91d8e0:   000000000000000f 000000000000000f
0x000000000f91d8f0:   fffffffffffffffe 00000000110e9d20
0x000000000f91d900:   000000000bbc4c20 000000000b985120
0x000000000f91d910:   00000000111126c0 0000000011112740
0x000000000f91d920:   0000000011112740 00000000112af240
0x000000000f91d930:   0000000000000000 0000000000000002
0x000000000f91d940:   000000000f91e1d0 000000000954784d
0x000000000f91d950:   0000000000000000 0000000000000000 

Instructions: (pc=0x000000000953d5e8)
0x000000000953d5c8:   dd 48 c1 f9 03 48 85 c9 0f 84 58 01 00 00 48 3b
0x000000000953d5d8:   d9 72 05 e8 18 ca 59 00 48 8b 4e 18 48 8b 04 d9
0x000000000953d5e8:   44 8b b8 80 00 00 00 48 8b 46 20 48 2b c1 48 c1
0x000000000953d5f8:   f8 03 48 3b d8 72 05 e8 f4 c9 59 00 48 8b 46 18 


Register to memory mapping:

RAX=0x0000000000000000 is an unknown value
RBX=0x000000000000000f is an unknown value
RCX=0x00000000111126c0 is an unknown value
RDX=0x00000000110e9df0 is an unknown value
RSP=0x000000000f91d860 is pointing into the stack for thread: 0x00000000100be000
RBP=0x0000000000000001 is an unknown value
RSI=0x000000000f91d8f8 is pointing into the stack for thread: 0x00000000100be000
RDI=0x0000000000000001 is an unknown value
R8 =0x000000000000000f is an unknown value
R9 =0x0000030b01c9001e is an unknown value
R10=0x000000000f91c490 is pointing into the stack for thread: 0x00000000100be000
R11=0x000000000f91d7a0 is pointing into the stack for thread: 0x00000000100be000
R12=0x000000000b8ae5d0 is an unknown value
R13=0x0000000000000000 is an unknown value
R14=0x000000000f91e1d0 is pointing into the stack for thread: 0x00000000100be000
R15=0x0000000000000001 is an unknown value


Stack: [0x000000000f820000,0x000000000f920000],  sp=0x000000000f91d860,  free space=1014k
Native frames: (J=compiled Java code, j=interpreted, Vv=VM code, C=native code)
C  [ig4icd64.dll+0x64d5e8]  DrvSetLayerPaletteEntries+0x37748

Java frames: (J=compiled Java code, j=interpreted, Vv=VM code)
j  jogamp.opengl.gl4.GL4bcImpl.dispatch_glLinkProgram1(IJ)V+0
j  jogamp.opengl.gl4.GL4bcImpl.glLinkProgram(I)V+34
j  it.uniroma1.di.simulejos.opengl.Program.link()V+17
j  it.uniroma1.di.simulejos.opengl.Program.<init>(Ljavax/media/opengl/GL2GL3;Lit/uniroma1/di/simulejos/opengl/VertexShader;Lit/uniroma1/di/simulejos/opengl/FragmentShader;[Ljava/lang/String;)V+70
j  it.uniroma1.di.simulejos.opengl.Program.<init>(Ljavax/media/opengl/GL2GL3;Ljava/lang/Class;Ljava/lang/String;[Ljava/lang/String;)V+16
j  it.uniroma1.di.simulejos.LightSensor.init(Ljavax/media/opengl/GLAutoDrawable;)V+33
j  jogamp.opengl.GLDrawableHelper.init(Ljavax/media/opengl/GLEventListener;Ljavax/media/opengl/GLAutoDrawable;Z)V+2
j  jogamp.opengl.GLDrawableHelper.init(Ljavax/media/opengl/GLAutoDrawable;Z)V+53
j  jogamp.opengl.GLAutoDrawableBase$1.run()V+26
j  jogamp.opengl.GLDrawableHelper.invokeGLImpl(Ljavax/media/opengl/GLDrawable;Ljavax/media/opengl/GLContext;Ljava/lang/Runnable;Ljava/lang/Runnable;Ljavax/media/opengl/GLAutoDrawable;)V+131
j  jogamp.opengl.GLDrawableHelper.invokeGL(Ljavax/media/opengl/GLDrawable;Ljavax/media/opengl/GLContext;Ljava/lang/Runnable;Ljava/lang/Runnable;)V+85
j  jogamp.opengl.GLAutoDrawableBase.defaultDisplay()V+56
j  com.jogamp.opengl.GLAutoDrawableDelegate.display()V+1
j  it.uniroma1.di.simulejos.Robot$GPUSensor.tick()V+11
j  it.uniroma1.di.simulejos.Robot.tick()V+94
j  it.uniroma1.di.simulejos.Simulation$4$1.step()V+30
j  it.uniroma1.di.simulejos.Simulation$4$1.run()V+37
v  ~StubRoutines::call_stub

---------------  P R O C E S S  ---------------

Java Threads: ( => current thread )
  0x00000000088cf800 JavaThread "Thread-7" daemon [_thread_blocked, id=2612, stack(0x000000000f560000,0x000000000f660000)]
=>0x00000000100be000 JavaThread "ticker" [_thread_in_native, id=2336, stack(0x000000000f820000,0x000000000f920000)]
  0x0000000008989800 JavaThread "NXT1" [_thread_blocked, id=7080, stack(0x000000000f670000,0x000000000f770000)]
  0x0000000008b99000 JavaThread "TimerQueue" daemon [_thread_blocked, id=6564, stack(0x000000000f380000,0x000000000f480000)]
  0x0000000008aa1000 JavaThread "Swing-Shell" daemon [_thread_blocked, id=3804, stack(0x00000000085f0000,0x00000000086f0000)]
  0x00000000070b4000 JavaThread "AWT-EventQueue-0-SharedResourceRunner" daemon [_thread_blocked, id=812, stack(0x0000000007b70000,0x0000000007c70000)]
  0x0000000001f8b800 JavaThread "DestroyJavaVM" [_thread_blocked, id=2800, stack(0x00000000022c0000,0x00000000023c0000)]
  0x0000000006fe3000 JavaThread "AWT-EventQueue-0" [_thread_blocked, id=6880, stack(0x0000000007870000,0x0000000007970000)]
  0x0000000006fe2800 JavaThread "AWT-Windows" daemon [_thread_in_native, id=4632, stack(0x0000000007670000,0x0000000007770000)]
  0x0000000005e4a000 JavaThread "AWT-Shutdown" [_thread_blocked, id=6184, stack(0x00000000074c0000,0x00000000075c0000)]
  0x0000000005e49800 JavaThread "Java2D Disposer" daemon [_thread_blocked, id=5864, stack(0x0000000006b10000,0x0000000006c10000)]
  0x0000000005d71800 JavaThread "Service Thread" daemon [_thread_blocked, id=6856, stack(0x0000000006d80000,0x0000000006e80000)]
  0x0000000005d6f800 JavaThread "C2 CompilerThread1" daemon [_thread_blocked, id=6428, stack(0x0000000006c10000,0x0000000006d10000)]
  0x0000000005d66000 JavaThread "C2 CompilerThread0" daemon [_thread_blocked, id=5308, stack(0x0000000006530000,0x0000000006630000)]
  0x0000000005d5b800 JavaThread "Attach Listener" daemon [_thread_blocked, id=2344, stack(0x0000000006950000,0x0000000006a50000)]
  0x0000000005d56000 JavaThread "Signal Dispatcher" daemon [_thread_blocked, id=1192, stack(0x00000000062f0000,0x00000000063f0000)]
  0x0000000001f1c800 JavaThread "Finalizer" daemon [_thread_blocked, id=5552, stack(0x0000000006850000,0x0000000006950000)]
  0x0000000001f1a000 JavaThread "Reference Handler" daemon [_thread_blocked, id=784, stack(0x0000000006660000,0x0000000006760000)]

Other Threads:
  0x0000000001f15000 VMThread [stack: 0x00000000063f0000,0x00000000064f0000] [id=2140]
  0x0000000005d7a800 WatcherThread [stack: 0x0000000006e80000,0x0000000006f80000] [id=6996]

VM state:not at safepoint (normal execution)

VM Mutex/Monitor currently owned by a thread: None

Heap
 PSYoungGen      total 34752K, used 34405K [0x00000000eb200000, 0x00000000f0400000, 0x0000000100000000)
  eden space 32128K, 98% used [0x00000000eb200000,0x00000000ed10d750,0x00000000ed160000)
  from space 2624K, 99% used [0x00000000ed160000,0x00000000ed3ec010,0x00000000ed3f0000)
  to   space 9856K, 0% used [0x00000000efa60000,0x00000000efa60000,0x00000000f0400000)
 PSOldGen        total 42752K, used 10114K [0x00000000c1600000, 0x00000000c3fc0000, 0x00000000eb200000)
  object space 42752K, 23% used [0x00000000c1600000,0x00000000c1fe0b00,0x00000000c3fc0000)
 PSPermGen       total 22208K, used 22161K [0x00000000bc400000, 0x00000000bd9b0000, 0x00000000c1600000)
  object space 22208K, 99% used [0x00000000bc400000,0x00000000bd9a4418,0x00000000bd9b0000)

Code Cache  [0x00000000023c0000, 0x0000000002630000, 0x00000000053c0000)
 total_blobs=901 nmethods=141 adapters=711 free_code_cache=48136Kb largest_free_block=49263616

Dynamic libraries:
0x000000013f8b0000 - 0x000000013f8e3000 	C:\Program Files\Java\jre7\bin\javaw.exe
0x0000000077080000 - 0x0000000077229000 	C:\windows\SYSTEM32\ntdll.dll
0x0000000076bf0000 - 0x0000000076d0f000 	C:\windows\system32\kernel32.dll
0x000007fefd630000 - 0x000007fefd69c000 	C:\windows\system32\KERNELBASE.dll
0x000007fefef60000 - 0x000007feff03b000 	C:\windows\system32\ADVAPI32.dll
0x000007feff270000 - 0x000007feff30f000 	C:\windows\system32\msvcrt.dll
0x000007fefe9c0000 - 0x000007fefe9df000 	C:\windows\SYSTEM32\sechost.dll
0x000007fefd920000 - 0x000007fefda4d000 	C:\windows\system32\RPCRT4.dll
0x00000000769a0000 - 0x0000000076a9a000 	C:\windows\system32\USER32.dll
0x000007fefe950000 - 0x000007fefe9b7000 	C:\windows\system32\GDI32.dll
0x000007fefdaa0000 - 0x000007fefdaae000 	C:\windows\system32\LPK.dll
0x000007fefe9e0000 - 0x000007fefeaa9000 	C:\windows\system32\USP10.dll
0x000007fefb890000 - 0x000007fefba84000 	C:\windows\WinSxS\amd64_microsoft.windows.common-controls_6595b64144ccf1df_6.0.7601.17514_none_fa396087175ac9ac\COMCTL32.dll
0x000007feff310000 - 0x000007feff381000 	C:\windows\system32\SHLWAPI.dll
0x000007feff0e0000 - 0x000007feff10e000 	C:\windows\system32\IMM32.DLL
0x000007fefe840000 - 0x000007fefe949000 	C:\windows\system32\MSCTF.dll
0x0000000072c90000 - 0x0000000072d61000 	C:\Program Files\Java\jre7\bin\msvcr100.dll
0x000000006d490000 - 0x000000006db5d000 	C:\Program Files\Java\jre7\bin\server\jvm.dll
0x000007fef9990000 - 0x000007fef9999000 	C:\windows\system32\WSOCK32.dll
0x000007fefda50000 - 0x000007fefda9d000 	C:\windows\system32\WS2_32.dll
0x000007fefd8b0000 - 0x000007fefd8b8000 	C:\windows\system32\NSI.dll
0x000007fefb190000 - 0x000007fefb1cb000 	C:\windows\system32\WINMM.dll
0x0000000077250000 - 0x0000000077257000 	C:\windows\system32\PSAPI.DLL
0x0000000073bf0000 - 0x0000000073bff000 	C:\Program Files\Java\jre7\bin\verify.dll
0x0000000073b30000 - 0x0000000073b58000 	C:\Program Files\Java\jre7\bin\java.dll
0x0000000073ae0000 - 0x0000000073af5000 	C:\Program Files\Java\jre7\bin\zip.dll
0x000000006f1e0000 - 0x000000006f373000 	C:\Program Files\Java\jre7\bin\awt.dll
0x000007feff190000 - 0x000007feff267000 	C:\windows\system32\OLEAUT32.dll
0x000007fefead0000 - 0x000007fefecd3000 	C:\windows\system32\ole32.dll
0x000007fefb830000 - 0x000007fefb886000 	C:\windows\system32\uxtheme.dll
0x0000000180000000 - 0x00000001800eb000 	C:\Program Files\DigitalPersona\Bin\DpoFeedb.dll
0x000007fefc520000 - 0x000007fefc52c000 	C:\windows\system32\VERSION.dll
0x000007fefc8b0000 - 0x000007fefc8ce000 	C:\windows\system32\USERENV.dll
0x000007fefd4e0000 - 0x000007fefd4ef000 	C:\windows\system32\profapi.dll
0x000007fefb460000 - 0x000007fefb478000 	C:\windows\system32\dwmapi.dll
0x000007fefd410000 - 0x000007fefd41f000 	C:\windows\system32\CRYPTBASE.dll
0x000007fef65c0000 - 0x000007fef65ee000 	C:\Program Files\DigitalPersona\Bin\DpoSet.dll
0x0000000073010000 - 0x00000000730e3000 	C:\windows\WinSxS\amd64_microsoft.vc90.crt_1fc8b3b9a1e18e3b_9.0.30729.6161_none_08e61857a83bc251\MSVCP90.dll
0x0000000072f60000 - 0x0000000073003000 	C:\windows\WinSxS\amd64_microsoft.vc90.crt_1fc8b3b9a1e18e3b_9.0.30729.6161_none_08e61857a83bc251\MSVCR90.dll
0x000007fefdab0000 - 0x000007fefe838000 	C:\windows\system32\SHELL32.dll
0x000007fefcd70000 - 0x000007fefcd87000 	C:\windows\system32\CRYPTSP.dll
0x000007fefca70000 - 0x000007fefcab7000 	C:\windows\system32\rsaenh.dll
0x0000000073ac0000 - 0x0000000073ad9000 	C:\Program Files\Java\jre7\bin\net.dll
0x000007fefcd10000 - 0x000007fefcd65000 	C:\windows\system32\mswsock.dll
0x000007fefcd00000 - 0x000007fefcd07000 	C:\windows\System32\wship6.dll
0x000007fef9ac0000 - 0x000007fef9ad5000 	C:\windows\system32\NLAapi.dll
0x000007fef8de0000 - 0x000007fef8df5000 	C:\windows\system32\napinsp.dll
0x000007fef8220000 - 0x000007fef8239000 	C:\windows\system32\pnrpnsp.dll
0x000007fefcb90000 - 0x000007fefcbeb000 	C:\windows\system32\DNSAPI.dll
0x000007fef8100000 - 0x000007fef810b000 	C:\windows\System32\winrnr.dll
0x000007fef80f0000 - 0x000007fef8100000 	C:\windows\system32\wshbth.dll
0x000007fef80c0000 - 0x000007fef80ee000 	C:\Program Files\Common Files\Microsoft Shared\Windows Live\WLIDNSP.DLL
0x000007fefc5f0000 - 0x000007fefc5f7000 	C:\windows\System32\wshtcpip.dll
0x000007fef9c70000 - 0x000007fef9c97000 	C:\windows\system32\IPHLPAPI.DLL
0x000007fef9c60000 - 0x000007fef9c6b000 	C:\windows\system32\WINNSI.DLL
0x000007fef71d0000 - 0x000007fef71d8000 	C:\windows\system32\rasadhlp.dll
0x000007fef9750000 - 0x000007fef97a3000 	C:\windows\System32\fwpuclnt.dll
0x0000000073aa0000 - 0x0000000073ab1000 	C:\Program Files\Java\jre7\bin\nio.dll
0x00000000637c0000 - 0x00000000637ca000 	C:\Users\Alberto\AppData\Local\Temp\jogamp_0000\file_cache\jln2482492075366446215\jln7369289232139248098\gluegen-rt.dll
0x0000000073b20000 - 0x0000000073b27000 	C:\Program Files\Java\jre7\bin\jawt.dll
0x000000006a440000 - 0x000000006a44b000 	C:\Users\Alberto\AppData\Local\Temp\jogamp_0000\file_cache\jln2482492075366446215\jln7369289232139248098\nativewindow_awt.dll
0x000000006c100000 - 0x000000006c10b000 	C:\Users\Alberto\AppData\Local\Temp\jogamp_0000\file_cache\jln2482492075366446215\jln7369289232139248098\nativewindow_win32.dll
0x000007feee4f0000 - 0x000007feee60d000 	C:\windows\system32\OpenGL32.dll
0x000007fefaad0000 - 0x000007fefaafd000 	C:\windows\system32\GLU32.dll
0x000007fef3650000 - 0x000007fef3741000 	C:\windows\system32\DDRAW.dll
0x000007fefacf0000 - 0x000007fefacf8000 	C:\windows\system32\DCIMAN32.dll
0x000007fefed80000 - 0x000007fefef57000 	C:\windows\system32\SETUPAPI.dll
0x000007fefd6e0000 - 0x000007fefd716000 	C:\windows\system32\CFGMGR32.dll
0x000007fefd720000 - 0x000007fefd73a000 	C:\windows\system32\DEVOBJ.dll
0x0000000064500000 - 0x000000006458b000 	C:\Users\Alberto\AppData\Local\Temp\jogamp_0000\file_cache\jln2482492075366446215\jln7369289232139248098\jogl_desktop.dll
0x0000000008ef0000 - 0x000000000a025000 	C:\windows\system32\ig4icd64.dll
0x000007fef6470000 - 0x000007fef6510000 	C:\windows\WinSxS\amd64_microsoft.windows.common-controls_6595b64144ccf1df_5.82.7601.17514_none_a4d6a923711520a9\comctl32.dll
0x00000000738b0000 - 0x00000000738e4000 	C:\Program Files\Java\jre7\bin\fontmanager.dll
0x00000000737d0000 - 0x0000000073811000 	C:\Program Files\Java\jre7\bin\t2k.dll
0x000007feff040000 - 0x000007feff0d9000 	C:\windows\system32\CLBCatQ.DLL
0x000007fefba90000 - 0x000007fefbbbc000 	C:\windows\system32\propsys.dll
0x000007fefbf80000 - 0x000007fefbfad000 	C:\windows\system32\ntmarta.dll
0x000007fefd8c0000 - 0x000007fefd912000 	C:\windows\system32\WLDAP32.dll
0x000007fefd3b0000 - 0x000007fefd407000 	C:\windows\system32\apphelp.dll
0x000007fef42c0000 - 0x000007fef445c000 	C:\windows\system32\NetworkExplorer.dll
0x000007fefaa20000 - 0x000007fefaa54000 	C:\windows\System32\shdocvw.dll
0x000007fef9aa0000 - 0x000007fef9aab000 	C:\windows\system32\slc.dll
0x000007fef6230000 - 0x000007fef6248000 	C:\windows\system32\MPR.dll
0x000007fef6960000 - 0x000007fef696a000 	C:\windows\System32\drprov.dll
0x000007fefcec0000 - 0x000007fefcefd000 	C:\windows\System32\WINSTA.dll
0x000007fef6200000 - 0x000007fef6222000 	C:\windows\System32\ntlanman.dll
0x000007fef4660000 - 0x000007fef467c000 	C:\windows\System32\davclnt.dll
0x000007fef4650000 - 0x000007fef465a000 	C:\windows\System32\DAVHLPR.dll
0x000007fefc860000 - 0x000007fefc875000 	C:\windows\system32\wkscli.dll
0x000007fef66b0000 - 0x000007fef66bf000 	C:\windows\system32\cscapi.dll
0x000007fefc880000 - 0x000007fefc88c000 	C:\windows\system32\netutils.dll
0x000007feecae0000 - 0x000007feecd51000 	C:\windows\system32\wpdshext.dll
0x000007fefb610000 - 0x000007fefb826000 	C:\windows\WinSxS\amd64_microsoft.windows.gdiplus_6595b64144ccf1df_1.1.7601.17825_none_2b253c8271ec7765\gdiplus.dll
0x000007fef6880000 - 0x000007fef693d000 	C:\windows\system32\PortableDeviceApi.dll
0x000007fefd6a0000 - 0x000007fefd6d9000 	C:\windows\system32\WINTRUST.dll
0x000007fefd740000 - 0x000007fefd8aa000 	C:\windows\system32\CRYPT32.dll
0x000007fefd580000 - 0x000007fefd58f000 	C:\windows\system32\MSASN1.dll
0x000007fefa660000 - 0x000007fefa695000 	C:\windows\system32\EhStorShell.dll
0x000007fefa570000 - 0x000007fefa597000 	C:\windows\system32\EhStorAPI.dll
0x000007fef8600000 - 0x000007fef860c000 	C:\windows\system32\LINKINFO.dll
0x0000000010000000 - 0x0000000010065000 	C:\Program Files\WIDCOMM\Bluetooth Software\btmmhook.dll
0x000007fefb2f0000 - 0x000007fefb41a000 	C:\windows\system32\WindowsCodecs.dll
0x000007fef2930000 - 0x000007fef2b6b000 	C:\PROGRA~1\MIF5BA~1\Office15\GROOVEEX.DLL
0x0000000072090000 - 0x0000000072128000 	C:\windows\system32\MSVCP100.dll
0x00000000740d0000 - 0x00000000740fb000 	C:\windows\system32\ATL100.DLL
0x000007fef1670000 - 0x000007fef1987000 	C:\windows\system32\msi.dll
0x000007feefd20000 - 0x000007fef0359000 	C:\PROGRA~1\MIF5BA~1\Office15\1033\GrooveIntlResource.dll
0x00000000740b0000 - 0x00000000740c6000 	C:\Program Files\Common Files\TortoiseOverlays\TortoiseOverlays.dll
0x00000000740a0000 - 0x00000000740b0000 	C:\Program Files\TortoiseSVN\bin\TortoiseStub.dll
0x0000000074020000 - 0x000000007409b000 	C:\Program Files\TortoiseSVN\bin\TortoiseSVN.dll
0x0000000076d10000 - 0x0000000076e6b000 	C:\windows\system32\WININET.dll
0x0000000077240000 - 0x0000000077243000 	C:\windows\system32\Normaliz.dll
0x0000000076e70000 - 0x000000007707f000 	C:\windows\system32\iertutil.dll
0x0000000076aa0000 - 0x0000000076bed000 	C:\windows\system32\urlmon.dll
0x000007fef1c80000 - 0x000007fef204c000 	C:\Program Files\TortoiseSVN\bin\libsvn_tsvn.dll
0x0000000073ff0000 - 0x000000007401b000 	C:\Program Files\TortoiseSVN\bin\libapr_tsvn.dll
0x0000000073fa0000 - 0x0000000073fe1000 	C:\Program Files\TortoiseSVN\bin\libaprutil_tsvn.dll
0x000007fefafc0000 - 0x000007fefafd0000 	C:\Program Files\TortoiseSVN\bin\intl3_tsvn.dll
0x000007fefabb0000 - 0x000007fefabca000 	C:\Program Files\TortoiseSVN\bin\libsasl.dll
0x000007fefd320000 - 0x000007fefd32b000 	C:\windows\system32\Secur32.dll
0x000007fefd380000 - 0x000007fefd3a5000 	C:\windows\system32\SSPICLI.DLL
0x0000000007650000 - 0x000000000766c000 	C:\Users\Alberto\AppData\Roaming\Dropbox\bin\DropboxExt64.14.dll
0x000007fef8280000 - 0x000007fef83a5000 	C:\windows\system32\dbghelp.dll
0x000007fef44a0000 - 0x000007fef4536000 	C:\windows\system32\msvcp60.dll
0x00000000083b0000 - 0x00000000083e1000 	C:\Program Files\WIDCOMM\Bluetooth Software\btkeyind.dll

VM Arguments:
jvm_args: -Dfile.encoding=Cp1252 
java_command: it.uniroma1.di.simulejos.ui.Simulejos --debug
Launcher Type: SUN_STANDARD

Environment Variables:
PATH=C:\Program Files (x86)\PHP\;C:\Program Files\Common Files\Microsoft Shared\Windows Live;C:\Program Files (x86)\Common Files\Microsoft Shared\Windows Live;C:\windows\system32;C:\windows;C:\windows\System32\Wbem;C:\windows\System32\WindowsPowerShell\v1.0\;c:\Program Files (x86)\Common Files\Roxio Shared\OEM\DLLShared\;c:\Program Files (x86)\Common Files\Roxio Shared\OEM\DLLShared\;c:\Program Files (x86)\Common Files\Roxio Shared\OEM\12.0\DLLShared\;c:\Program Files (x86)\Roxio\OEM\AudioCore\;C:\Program Files\WIDCOMM\Bluetooth Software\;C:\Program Files\WIDCOMM\Bluetooth Software\syswow64;C:\Program Files (x86)\Windows Live\Shared;C:\Program Files\TortoiseSVN\bin;C:\Program Files (x86)\Java\jdk1.7.0_07\bin;C:\Program Files\Microsoft\Web Platform Installer\;C:\Program Files\Microsoft SQL Server\110\Tools\Binn\;C:\Program Files\Microsoft Network Monitor 3\;C:\Program Files\nodejs\;C:\Users\Alberto\AppData\Roaming\npm\
USERNAME=Alberto
OS=Windows_NT
PROCESSOR_IDENTIFIER=Intel64 Family 6 Model 42 Stepping 7, GenuineIntel



---------------  S Y S T E M  ---------------

OS: Windows 7 , 64 bit Build 7601 Service Pack 1

CPU:total 4 (2 cores per cpu, 2 threads per core) family 6 model 42 stepping 7, cmov, cx8, fxsr, mmx, sse, sse2, sse3, ssse3, sse4.1, sse4.2, popcnt, ht

Memory: 4k page, physical 4099248k(2543672k free), swap 8196644k(5550612k free)

vm_info: Java HotSpot(TM) 64-Bit Server VM (21.1-b02) for windows-amd64 JRE (1.7.0_01-b08), built on Oct  3 2011 01:39:25 by "java_re" with unknown MS VC++:1600

time: Tue Nov 20 14:23:33 2012
elapsed time: 16 seconds

